<?xml version="1.0" encoding="UTF-8"?>
<!-- Generated by org.testng.reporters.JUnitReportReporter -->
<testsuite hostname="DESKTOP-HIR02G4" failures="0" tests="1" name="com.tests.LoginTest2" time="13.043" errors="0" timestamp="2022-01-21T11:46:44 IST" skipped="0">
  <testcase classname="com.tests.LoginTest2" name="test" time="13.043"/>
  <system-out/>
</testsuite> <!-- com.tests.LoginTest2 -->
