<?xml version="1.0" encoding="UTF-8"?>
<!-- Generated by org.testng.reporters.JUnitReportReporter -->
<testsuite hostname="DESKTOP-HIR02G4" failures="0" tests="1" name="com.tests.AddItemToCartFromProductHomeTest" time="39.387" errors="0" timestamp="2022-02-10T13:01:18 IST" skipped="0">
  <testcase classname="com.tests.AddItemToCartFromProductHomeTest" name="test" time="39.387"/>
  <system-out/>
</testsuite> <!-- com.tests.AddItemToCartFromProductHomeTest -->
