<?xml version="1.0" encoding="UTF-8"?>
<!-- Generated by org.testng.reporters.JUnitReportReporter -->
<testsuite hostname="DESKTOP-HIR02G4" failures="0" tests="4" name="com.tests.DataProviderTest" time="0.012" errors="0" timestamp="2022-01-25T14:33:31 IST" skipped="0">
  <testcase classname="com.tests.DataProviderTest" name="test1Method" time="0.001"/>
  <system-out/>
  <testcase classname="com.tests.DataProviderTest" name="test2Method" time="0.001"/>
  <system-out/>
  <testcase classname="com.tests.DataProviderTest" name="test2Method" time="0.001"/>
  <system-out/>
  <testcase classname="com.tests.DataProviderTest" name="test1Method" time="0.009"/>
  <system-out/>
</testsuite> <!-- com.tests.DataProviderTest -->
