<?xml version="1.0" encoding="UTF-8"?>
<!-- Generated by org.testng.reporters.JUnitReportReporter -->
<testsuite hostname="DESKTOP-HIR02G4" failures="0" tests="3" name="com.tests.NewTest" time="0.011" errors="0" timestamp="2022-01-26T17:49:00 IST" skipped="0">
  <testcase classname="com.tests.NewTest" name="f" time="0.001"/>
  <system-out/>
  <testcase classname="com.tests.NewTest" name="f" time="0.008"/>
  <system-out/>
  <testcase classname="com.tests.NewTest" name="f" time="0.002"/>
  <system-out/>
</testsuite> <!-- com.tests.NewTest -->
