<?xml version="1.0" encoding="UTF-8"?>
<!-- Generated by org.testng.reporters.JUnitReportReporter -->
<testsuite hostname="DESKTOP-HIR02G4" failures="0" tests="1" name="com.tests.ITestListenerTest" time="0.006" errors="0" timestamp="2022-01-27T13:32:50 IST" skipped="0">
  <testcase classname="com.tests.ITestListenerTest" name="test" time="0.006"/>
  <system-out/>
</testsuite> <!-- com.tests.ITestListenerTest -->
