<?xml version="1.0" encoding="UTF-8"?>
<!-- Generated by org.testng.reporters.JUnitReportReporter -->
<testsuite hostname="DESKTOP-HIR02G4" failures="0" tests="1" name="com.tests.LoginTest" time="8.718" errors="0" timestamp="2022-01-20T19:39:07 IST" skipped="0">
  <testcase classname="com.tests.LoginTest" name="test" time="8.718"/>
  <system-out/>
</testsuite> <!-- com.tests.LoginTest -->
