<?xml version="1.0" encoding="UTF-8"?>
<!-- Generated by org.testng.reporters.JUnitReportReporter -->
<testsuite hostname="DESKTOP-HIR02G4" failures="0" tests="1" name="com.tests.AddProductByCategorySubCategoryTest" time="33.827" errors="0" timestamp="2022-01-24T18:15:43 IST" skipped="0">
  <testcase classname="com.tests.AddProductByCategorySubCategoryTest" name="test" time="33.827"/>
  <system-out/>
</testsuite> <!-- com.tests.AddProductByCategorySubCategoryTest -->
